Epoch: 0001 train_loss= 2.63061 train_acc= 0.15000 val_loss= 2.60472 val_acc= 0.48000 test_loss= 2.60430 test_acc= 0.50200 time= 1.54460
Epoch: 0002 train_loss= 2.59335 train_acc= 0.55833 val_loss= 2.57562 val_acc= 0.52600 test_loss= 2.57422 test_acc= 0.56200 time= 1.23899
Epoch: 0003 train_loss= 2.55253 train_acc= 0.70833 val_loss= 2.54538 val_acc= 0.54400 test_loss= 2.54281 test_acc= 0.55700 time= 1.22397
Epoch: 0004 train_loss= 2.50331 train_acc= 0.71667 val_loss= 2.51701 val_acc= 0.50400 test_loss= 2.51301 test_acc= 0.52700 time= 1.26450
Epoch: 0005 train_loss= 2.45494 train_acc= 0.77500 val_loss= 2.48992 val_acc= 0.50200 test_loss= 2.48449 test_acc= 0.51600 time= 1.22275
Epoch: 0006 train_loss= 2.40089 train_acc= 0.79167 val_loss= 2.46357 val_acc= 0.51000 test_loss= 2.45691 test_acc= 0.52600 time= 1.20134
Epoch: 0007 train_loss= 2.35437 train_acc= 0.82500 val_loss= 2.43791 val_acc= 0.51000 test_loss= 2.43008 test_acc= 0.53100 time= 1.23466
Epoch: 0008 train_loss= 2.30901 train_acc= 0.77500 val_loss= 2.41257 val_acc= 0.53200 test_loss= 2.40378 test_acc= 0.53900 time= 1.23716
Epoch: 0009 train_loss= 2.27005 train_acc= 0.76667 val_loss= 2.38721 val_acc= 0.53400 test_loss= 2.37759 test_acc= 0.54500 time= 1.18909
Epoch: 0010 train_loss= 2.22199 train_acc= 0.82500 val_loss= 2.36195 val_acc= 0.53800 test_loss= 2.35168 test_acc= 0.55200 time= 1.89406
Epoch: 0011 train_loss= 2.15062 train_acc= 0.82500 val_loss= 2.33720 val_acc= 0.54800 test_loss= 2.32640 test_acc= 0.56200 time= 1.40082
Epoch: 0012 train_loss= 2.09154 train_acc= 0.83333 val_loss= 2.31320 val_acc= 0.57600 test_loss= 2.30194 test_acc= 0.56800 time= 1.31859
Epoch: 0013 train_loss= 2.05192 train_acc= 0.83333 val_loss= 2.28996 val_acc= 0.58400 test_loss= 2.27817 test_acc= 0.57300 time= 1.27077
Epoch: 0014 train_loss= 1.99218 train_acc= 0.85000 val_loss= 2.26722 val_acc= 0.59200 test_loss= 2.25490 test_acc= 0.57900 time= 1.28641
Epoch: 0015 train_loss= 1.93633 train_acc= 0.81667 val_loss= 2.24489 val_acc= 0.61000 test_loss= 2.23192 test_acc= 0.58800 time= 1.23838
Epoch: 0016 train_loss= 1.89883 train_acc= 0.90000 val_loss= 2.22319 val_acc= 0.61200 test_loss= 2.20953 test_acc= 0.59400 time= 1.24799
Epoch: 0017 train_loss= 1.82681 train_acc= 0.83333 val_loss= 2.20196 val_acc= 0.62200 test_loss= 2.18785 test_acc= 0.59800 time= 1.24006
Epoch: 0018 train_loss= 1.79871 train_acc= 0.89167 val_loss= 2.18103 val_acc= 0.64200 test_loss= 2.16646 test_acc= 0.60600 time= 1.22815
Epoch: 0019 train_loss= 1.71632 train_acc= 0.90833 val_loss= 2.16032 val_acc= 0.64600 test_loss= 2.14546 test_acc= 0.61700 time= 1.21549
Epoch: 0020 train_loss= 1.69480 train_acc= 0.88333 val_loss= 2.13970 val_acc= 0.64800 test_loss= 2.12477 test_acc= 0.62100 time= 1.21130
Epoch: 0021 train_loss= 1.64362 train_acc= 0.88333 val_loss= 2.11956 val_acc= 0.65600 test_loss= 2.10458 test_acc= 0.62600 time= 1.19553
Epoch: 0022 train_loss= 1.60618 train_acc= 0.87500 val_loss= 2.10012 val_acc= 0.66400 test_loss= 2.08518 test_acc= 0.63100 time= 1.20711
Epoch: 0023 train_loss= 1.51146 train_acc= 0.92500 val_loss= 2.08114 val_acc= 0.67200 test_loss= 2.06632 test_acc= 0.64200 time= 1.19655
Epoch: 0024 train_loss= 1.50459 train_acc= 0.89167 val_loss= 2.06244 val_acc= 0.67800 test_loss= 2.04792 test_acc= 0.64900 time= 1.16974
Epoch: 0025 train_loss= 1.46227 train_acc= 0.92500 val_loss= 2.04468 val_acc= 0.68200 test_loss= 2.03039 test_acc= 0.65700 time= 1.20792
Epoch: 0026 train_loss= 1.38846 train_acc= 0.90000 val_loss= 2.02729 val_acc= 0.68600 test_loss= 2.01350 test_acc= 0.66300 time= 1.31699
Epoch: 0027 train_loss= 1.35078 train_acc= 0.92500 val_loss= 2.01045 val_acc= 0.69000 test_loss= 1.99717 test_acc= 0.66900 time= 1.23264
Epoch: 0028 train_loss= 1.31038 train_acc= 0.92500 val_loss= 1.99408 val_acc= 0.68600 test_loss= 1.98139 test_acc= 0.67300 time= 1.19192
Epoch: 0029 train_loss= 1.29379 train_acc= 0.93333 val_loss= 1.97883 val_acc= 0.69400 test_loss= 1.96673 test_acc= 0.67600 time= 1.20976
Epoch: 0030 train_loss= 1.22017 train_acc= 0.92500 val_loss= 1.96424 val_acc= 0.69600 test_loss= 1.95285 test_acc= 0.68200 time= 1.26407
Epoch: 0031 train_loss= 1.21317 train_acc= 0.93333 val_loss= 1.95046 val_acc= 0.69800 test_loss= 1.93965 test_acc= 0.68300 time= 1.51369
Epoch: 0032 train_loss= 1.19121 train_acc= 0.92500 val_loss= 1.93738 val_acc= 0.70800 test_loss= 1.92709 test_acc= 0.68500 time= 1.29591
Epoch: 0033 train_loss= 1.17260 train_acc= 0.92500 val_loss= 1.92475 val_acc= 0.70800 test_loss= 1.91508 test_acc= 0.68600 time= 1.60847
Epoch: 0034 train_loss= 1.13809 train_acc= 0.91667 val_loss= 1.91260 val_acc= 0.70800 test_loss= 1.90354 test_acc= 0.68900 time= 1.17951
Epoch: 0035 train_loss= 1.09221 train_acc= 0.92500 val_loss= 1.90097 val_acc= 0.71000 test_loss= 1.89255 test_acc= 0.69400 time= 1.35772
Epoch: 0036 train_loss= 1.08760 train_acc= 0.90833 val_loss= 1.89022 val_acc= 0.71800 test_loss= 1.88223 test_acc= 0.69400 time= 1.27702
Epoch: 0037 train_loss= 1.09182 train_acc= 0.90833 val_loss= 1.88023 val_acc= 0.71800 test_loss= 1.87247 test_acc= 0.70200 time= 1.72466
Epoch: 0038 train_loss= 1.05187 train_acc= 0.89167 val_loss= 1.87095 val_acc= 0.71600 test_loss= 1.86347 test_acc= 0.70500 time= 1.30854
Epoch: 0039 train_loss= 1.01147 train_acc= 0.93333 val_loss= 1.86215 val_acc= 0.72600 test_loss= 1.85515 test_acc= 0.70900 time= 1.24735
Epoch: 0040 train_loss= 0.98767 train_acc= 0.93333 val_loss= 1.85380 val_acc= 0.72600 test_loss= 1.84726 test_acc= 0.71200 time= 2.04566
Epoch: 0041 train_loss= 0.94898 train_acc= 0.95000 val_loss= 1.84619 val_acc= 0.72800 test_loss= 1.84004 test_acc= 0.71700 time= 1.55764
Epoch: 0042 train_loss= 0.96122 train_acc= 0.92500 val_loss= 1.83854 val_acc= 0.71800 test_loss= 1.83283 test_acc= 0.71400 time= 1.26702
Epoch: 0043 train_loss= 0.93036 train_acc= 0.93333 val_loss= 1.83111 val_acc= 0.71600 test_loss= 1.82591 test_acc= 0.71300 time= 1.21617
Epoch: 0044 train_loss= 0.92625 train_acc= 0.94167 val_loss= 1.82408 val_acc= 0.71400 test_loss= 1.81924 test_acc= 0.71300 time= 1.18901
Epoch: 0045 train_loss= 0.91762 train_acc= 0.93333 val_loss= 1.81694 val_acc= 0.71200 test_loss= 1.81239 test_acc= 0.71000 time= 1.98300
Epoch: 0046 train_loss= 0.90128 train_acc= 0.95000 val_loss= 1.81089 val_acc= 0.71200 test_loss= 1.80637 test_acc= 0.71300 time= 1.96316
Epoch: 0047 train_loss= 0.85843 train_acc= 0.95000 val_loss= 1.80524 val_acc= 0.71000 test_loss= 1.80079 test_acc= 0.71100 time= 1.62517
Epoch: 0048 train_loss= 0.83530 train_acc= 0.95833 val_loss= 1.79956 val_acc= 0.71200 test_loss= 1.79525 test_acc= 0.71000 time= 1.35784
Epoch: 0049 train_loss= 0.81065 train_acc= 0.95833 val_loss= 1.79357 val_acc= 0.71000 test_loss= 1.78935 test_acc= 0.71100 time= 1.18356
Epoch: 0050 train_loss= 0.85615 train_acc= 0.95000 val_loss= 1.78616 val_acc= 0.71000 test_loss= 1.78262 test_acc= 0.71100 time= 1.16159
Epoch: 0051 train_loss= 0.78251 train_acc= 0.97500 val_loss= 1.77882 val_acc= 0.70800 test_loss= 1.77599 test_acc= 0.71000 time= 1.19747
Epoch: 0052 train_loss= 0.80557 train_acc= 0.95833 val_loss= 1.77231 val_acc= 0.70200 test_loss= 1.76984 test_acc= 0.70700 time= 1.19017
Epoch: 0053 train_loss= 0.78081 train_acc= 0.95833 val_loss= 1.76557 val_acc= 0.70400 test_loss= 1.76373 test_acc= 0.70500 time= 1.22071
Epoch: 0054 train_loss= 0.74878 train_acc= 0.95833 val_loss= 1.75911 val_acc= 0.70800 test_loss= 1.75782 test_acc= 0.70700 time= 1.19869
Epoch: 0055 train_loss= 0.74319 train_acc= 0.96667 val_loss= 1.75302 val_acc= 0.70800 test_loss= 1.75193 test_acc= 0.70700 time= 1.22893
Epoch: 0056 train_loss= 0.72548 train_acc= 0.96667 val_loss= 1.74759 val_acc= 0.70800 test_loss= 1.74670 test_acc= 0.70800 time= 1.20023
Epoch: 0057 train_loss= 0.71340 train_acc= 0.97500 val_loss= 1.74265 val_acc= 0.70200 test_loss= 1.74173 test_acc= 0.70600 time= 1.19790
Epoch: 0058 train_loss= 0.71374 train_acc= 0.98333 val_loss= 1.73855 val_acc= 0.70200 test_loss= 1.73741 test_acc= 0.70400 time= 1.17330
Epoch: 0059 train_loss= 0.71488 train_acc= 0.96667 val_loss= 1.73459 val_acc= 0.70200 test_loss= 1.73338 test_acc= 0.70300 time= 1.18304
Epoch: 0060 train_loss= 0.72449 train_acc= 0.94167 val_loss= 1.73165 val_acc= 0.69600 test_loss= 1.72985 test_acc= 0.70100 time= 1.19173
Epoch: 0061 train_loss= 0.68358 train_acc= 0.95833 val_loss= 1.72934 val_acc= 0.69400 test_loss= 1.72664 test_acc= 0.70000 time= 1.19547
Epoch: 0062 train_loss= 0.66268 train_acc= 0.99167 val_loss= 1.72724 val_acc= 0.69600 test_loss= 1.72361 test_acc= 0.69800 time= 1.22123
Epoch: 0063 train_loss= 0.63949 train_acc= 0.96667 val_loss= 1.72555 val_acc= 0.69600 test_loss= 1.72105 test_acc= 0.69500 time= 1.19356
Epoch: 0064 train_loss= 0.64677 train_acc= 0.99167 val_loss= 1.72371 val_acc= 0.69400 test_loss= 1.71857 test_acc= 0.69500 time= 1.17139
Epoch: 0065 train_loss= 0.66152 train_acc= 0.97500 val_loss= 1.72044 val_acc= 0.69600 test_loss= 1.71542 test_acc= 0.69400 time= 1.17712
Epoch: 0066 train_loss= 0.62951 train_acc= 0.96667 val_loss= 1.71718 val_acc= 0.69400 test_loss= 1.71233 test_acc= 0.69400 time= 1.22946
Epoch: 0067 train_loss= 0.61576 train_acc= 0.96667 val_loss= 1.71388 val_acc= 0.69600 test_loss= 1.70933 test_acc= 0.69600 time= 1.22147
Epoch: 0068 train_loss= 0.61213 train_acc= 0.97500 val_loss= 1.71012 val_acc= 0.70000 test_loss= 1.70586 test_acc= 0.70000 time= 1.20199
Epoch: 0069 train_loss= 0.61273 train_acc= 0.98333 val_loss= 1.70564 val_acc= 0.70000 test_loss= 1.70187 test_acc= 0.70200 time= 1.19280
Epoch: 0070 train_loss= 0.57405 train_acc= 0.98333 val_loss= 1.70075 val_acc= 0.70200 test_loss= 1.69772 test_acc= 0.70300 time= 1.19839
Epoch: 0071 train_loss= 0.60614 train_acc= 0.95833 val_loss= 1.69614 val_acc= 0.70600 test_loss= 1.69384 test_acc= 0.70200 time= 1.22480
Epoch: 0072 train_loss= 0.56431 train_acc= 0.99167 val_loss= 1.69212 val_acc= 0.70400 test_loss= 1.69044 test_acc= 0.70200 time= 1.18387
Epoch: 0073 train_loss= 0.58037 train_acc= 0.99167 val_loss= 1.68839 val_acc= 0.70200 test_loss= 1.68722 test_acc= 0.70500 time= 1.18795
Epoch: 0074 train_loss= 0.57318 train_acc= 0.99167 val_loss= 1.68541 val_acc= 0.70600 test_loss= 1.68461 test_acc= 0.70700 time= 1.16924
Epoch: 0075 train_loss= 0.57005 train_acc= 0.97500 val_loss= 1.68254 val_acc= 0.70600 test_loss= 1.68202 test_acc= 0.70600 time= 1.16216
Epoch: 0076 train_loss= 0.53779 train_acc= 0.97500 val_loss= 1.68081 val_acc= 0.70400 test_loss= 1.68027 test_acc= 0.70700 time= 1.17446
Epoch: 0077 train_loss= 0.53073 train_acc= 0.99167 val_loss= 1.67944 val_acc= 0.70200 test_loss= 1.67879 test_acc= 0.70700 time= 1.17969
Epoch: 0078 train_loss= 0.53475 train_acc= 0.97500 val_loss= 1.67841 val_acc= 0.70200 test_loss= 1.67759 test_acc= 0.70600 time= 1.17327
Epoch: 0079 train_loss= 0.54526 train_acc= 0.97500 val_loss= 1.67799 val_acc= 0.70200 test_loss= 1.67689 test_acc= 0.70700 time= 1.18709
Epoch: 0080 train_loss= 0.53857 train_acc= 0.97500 val_loss= 1.67731 val_acc= 0.70200 test_loss= 1.67606 test_acc= 0.70400 time= 1.16769
Epoch: 0081 train_loss= 0.51231 train_acc= 1.00000 val_loss= 1.67692 val_acc= 0.69800 test_loss= 1.67535 test_acc= 0.70500 time= 1.17782
Epoch: 0082 train_loss= 0.48947 train_acc= 0.98333 val_loss= 1.67702 val_acc= 0.69600 test_loss= 1.67507 test_acc= 0.70000 time= 1.21374
Epoch: 0083 train_loss= 0.51685 train_acc= 0.97500 val_loss= 1.67708 val_acc= 0.69400 test_loss= 1.67472 test_acc= 0.69200 time= 1.20765
Epoch: 0084 train_loss= 0.49751 train_acc= 0.99167 val_loss= 1.67612 val_acc= 0.69400 test_loss= 1.67352 test_acc= 0.69300 time= 1.20121
Epoch: 0085 train_loss= 0.50629 train_acc= 1.00000 val_loss= 1.67559 val_acc= 0.69400 test_loss= 1.67280 test_acc= 0.69300 time= 1.20060
Epoch: 0086 train_loss= 0.49923 train_acc= 0.96667 val_loss= 1.67501 val_acc= 0.69400 test_loss= 1.67224 test_acc= 0.69500 time= 1.16930
Epoch: 0087 train_loss= 0.47846 train_acc= 0.97500 val_loss= 1.67442 val_acc= 0.69800 test_loss= 1.67173 test_acc= 0.69300 time= 1.19815
Epoch: 0088 train_loss= 0.45813 train_acc= 0.98333 val_loss= 1.67401 val_acc= 0.70000 test_loss= 1.67140 test_acc= 0.68800 time= 1.22608
Epoch: 0089 train_loss= 0.49936 train_acc= 0.97500 val_loss= 1.67321 val_acc= 0.70000 test_loss= 1.67074 test_acc= 0.68600 time= 1.22944
Epoch: 0090 train_loss= 0.51793 train_acc= 0.95000 val_loss= 1.67244 val_acc= 0.69800 test_loss= 1.67015 test_acc= 0.68400 time= 1.22505
Epoch: 0091 train_loss= 0.48278 train_acc= 0.97500 val_loss= 1.67224 val_acc= 0.69800 test_loss= 1.67008 test_acc= 0.68100 time= 1.20611
Epoch: 0092 train_loss= 0.49970 train_acc= 0.96667 val_loss= 1.67250 val_acc= 0.69400 test_loss= 1.67047 test_acc= 0.68100 time= 1.20500
Epoch: 0093 train_loss= 0.47334 train_acc= 0.98333 val_loss= 1.67239 val_acc= 0.69200 test_loss= 1.67043 test_acc= 0.67900 time= 1.19649
Epoch: 0094 train_loss= 0.47230 train_acc= 0.97500 val_loss= 1.67229 val_acc= 0.69000 test_loss= 1.67057 test_acc= 0.67800 time= 1.20310
Epoch: 0095 train_loss= 0.47239 train_acc= 0.97500 val_loss= 1.67101 val_acc= 0.69800 test_loss= 1.66975 test_acc= 0.68000 time= 1.17751
Epoch: 0096 train_loss= 0.48874 train_acc= 0.94167 val_loss= 1.67081 val_acc= 0.69800 test_loss= 1.66980 test_acc= 0.68200 time= 1.20989
Epoch: 0097 train_loss= 0.43644 train_acc= 0.97500 val_loss= 1.67078 val_acc= 0.70200 test_loss= 1.67009 test_acc= 0.68000 time= 1.19748
Epoch: 0098 train_loss= 0.44080 train_acc= 0.99167 val_loss= 1.67045 val_acc= 0.70400 test_loss= 1.67029 test_acc= 0.68200 time= 1.21609
Epoch: 0099 train_loss= 0.45197 train_acc= 0.99167 val_loss= 1.67020 val_acc= 0.70600 test_loss= 1.67047 test_acc= 0.68400 time= 1.23606
Epoch: 0100 train_loss= 0.45721 train_acc= 0.99167 val_loss= 1.67043 val_acc= 0.70400 test_loss= 1.67118 test_acc= 0.68600 time= 1.19390
Epoch: 0101 train_loss= 0.41581 train_acc= 1.00000 val_loss= 1.67056 val_acc= 0.70800 test_loss= 1.67189 test_acc= 0.68700 time= 1.16909
Epoch: 0102 train_loss= 0.43708 train_acc= 0.97500 val_loss= 1.67001 val_acc= 0.70800 test_loss= 1.67208 test_acc= 0.68500 time= 1.22364
Epoch: 0103 train_loss= 0.43948 train_acc= 0.99167 val_loss= 1.67050 val_acc= 0.71000 test_loss= 1.67312 test_acc= 0.68500 time= 1.25630
Epoch: 0104 train_loss= 0.43683 train_acc= 0.97500 val_loss= 1.67149 val_acc= 0.71000 test_loss= 1.67461 test_acc= 0.68400 time= 1.21575
Epoch: 0105 train_loss= 0.46302 train_acc= 0.97500 val_loss= 1.67334 val_acc= 0.70600 test_loss= 1.67693 test_acc= 0.68400 time= 1.18675
Epoch: 0106 train_loss= 0.41760 train_acc= 1.00000 val_loss= 1.67527 val_acc= 0.70400 test_loss= 1.67934 test_acc= 0.68500 time= 1.20852
Epoch: 0107 train_loss= 0.40964 train_acc= 1.00000 val_loss= 1.67728 val_acc= 0.70200 test_loss= 1.68190 test_acc= 0.68500 time= 1.18158
Epoch: 0108 train_loss= 0.44020 train_acc= 0.96667 val_loss= 1.67964 val_acc= 0.70200 test_loss= 1.68451 test_acc= 0.68200 time= 1.19284
Epoch: 0109 train_loss= 0.41012 train_acc= 0.98333 val_loss= 1.68192 val_acc= 0.70200 test_loss= 1.68716 test_acc= 0.68200 time= 1.21003
Epoch: 0110 train_loss= 0.41825 train_acc= 0.98333 val_loss= 1.68433 val_acc= 0.70200 test_loss= 1.68997 test_acc= 0.68100 time= 1.17787
Epoch: 0111 train_loss= 0.39454 train_acc= 0.98333 val_loss= 1.68695 val_acc= 0.70200 test_loss= 1.69323 test_acc= 0.67900 time= 1.17976
Epoch: 0112 train_loss= 0.40588 train_acc= 0.98333 val_loss= 1.68920 val_acc= 0.70000 test_loss= 1.69614 test_acc= 0.68000 time= 1.16842
Epoch: 0113 train_loss= 0.40879 train_acc= 0.98333 val_loss= 1.69110 val_acc= 0.69400 test_loss= 1.69888 test_acc= 0.67900 time= 1.16681
Epoch: 0114 train_loss= 0.43157 train_acc= 0.95833 val_loss= 1.69207 val_acc= 0.69400 test_loss= 1.70066 test_acc= 0.68000 time= 1.18843
Epoch: 0115 train_loss= 0.39504 train_acc= 0.99167 val_loss= 1.69222 val_acc= 0.69400 test_loss= 1.70150 test_acc= 0.68100 time= 1.17664
Epoch: 0116 train_loss= 0.43127 train_acc= 0.97500 val_loss= 1.69306 val_acc= 0.69200 test_loss= 1.70241 test_acc= 0.67900 time= 1.19079
Epoch: 0117 train_loss= 0.39243 train_acc= 0.98333 val_loss= 1.69341 val_acc= 0.69000 test_loss= 1.70288 test_acc= 0.68000 time= 1.22533
Epoch: 0118 train_loss= 0.36865 train_acc= 1.00000 val_loss= 1.69383 val_acc= 0.69000 test_loss= 1.70353 test_acc= 0.68000 time= 1.21036
Epoch: 0119 train_loss= 0.37955 train_acc= 0.97500 val_loss= 1.69419 val_acc= 0.68800 test_loss= 1.70394 test_acc= 0.67800 time= 1.19793
Epoch: 0120 train_loss= 0.37867 train_acc= 0.98333 val_loss= 1.69370 val_acc= 0.68800 test_loss= 1.70367 test_acc= 0.67800 time= 1.20029
Epoch: 0121 train_loss= 0.38814 train_acc= 0.98333 val_loss= 1.69370 val_acc= 0.69000 test_loss= 1.70385 test_acc= 0.68200 time= 1.17856
Epoch: 0122 train_loss= 0.36984 train_acc= 0.97500 val_loss= 1.69373 val_acc= 0.69400 test_loss= 1.70404 test_acc= 0.68100 time= 1.19443
Epoch: 0123 train_loss= 0.36187 train_acc= 1.00000 val_loss= 1.69404 val_acc= 0.69400 test_loss= 1.70443 test_acc= 0.68200 time= 1.16940
Epoch: 0124 train_loss= 0.39705 train_acc= 0.97500 val_loss= 1.69494 val_acc= 0.69200 test_loss= 1.70554 test_acc= 0.68100 time= 1.20189
Epoch: 0125 train_loss= 0.40402 train_acc= 0.95833 val_loss= 1.69615 val_acc= 0.69600 test_loss= 1.70644 test_acc= 0.68200 time= 1.22553
Epoch: 0126 train_loss= 0.38324 train_acc= 0.96667 val_loss= 1.69777 val_acc= 0.70000 test_loss= 1.70766 test_acc= 0.68300 time= 1.22299
Epoch: 0127 train_loss= 0.35311 train_acc= 0.99167 val_loss= 1.69944 val_acc= 0.70000 test_loss= 1.70883 test_acc= 0.68400 time= 1.23071
Epoch: 0128 train_loss= 0.38814 train_acc= 1.00000 val_loss= 1.70083 val_acc= 0.69800 test_loss= 1.70976 test_acc= 0.68500 time= 1.24604
Epoch: 0129 train_loss= 0.36795 train_acc= 1.00000 val_loss= 1.70204 val_acc= 0.69600 test_loss= 1.71037 test_acc= 0.68700 time= 1.21154
Epoch: 0130 train_loss= 0.37534 train_acc= 0.97500 val_loss= 1.70289 val_acc= 0.69600 test_loss= 1.71058 test_acc= 0.68500 time= 1.18212
Epoch: 0131 train_loss= 0.37968 train_acc= 0.97500 val_loss= 1.70418 val_acc= 0.69000 test_loss= 1.71106 test_acc= 0.68200 time= 1.16834
Epoch: 0132 train_loss= 0.38529 train_acc= 0.99167 val_loss= 1.70507 val_acc= 0.69200 test_loss= 1.71124 test_acc= 0.68400 time= 1.17894
Epoch: 0133 train_loss= 0.34329 train_acc= 0.99167 val_loss= 1.70627 val_acc= 0.69000 test_loss= 1.71162 test_acc= 0.68500 time= 1.18621
Epoch: 0134 train_loss= 0.35859 train_acc= 0.99167 val_loss= 1.70787 val_acc= 0.68400 test_loss= 1.71249 test_acc= 0.68400 time= 1.18751
Epoch: 0135 train_loss= 0.35005 train_acc= 0.98333 val_loss= 1.70933 val_acc= 0.68200 test_loss= 1.71340 test_acc= 0.68300 time= 1.19308
Epoch: 0136 train_loss= 0.33173 train_acc= 0.99167 val_loss= 1.71090 val_acc= 0.68400 test_loss= 1.71454 test_acc= 0.68400 time= 1.17070
Epoch: 0137 train_loss= 0.36229 train_acc= 0.97500 val_loss= 1.71216 val_acc= 0.68600 test_loss= 1.71512 test_acc= 0.68300 time= 1.29072
Epoch: 0138 train_loss= 0.36656 train_acc= 0.98333 val_loss= 1.71336 val_acc= 0.68200 test_loss= 1.71596 test_acc= 0.68200 time= 1.88046
Epoch: 0139 train_loss= 0.33997 train_acc= 0.99167 val_loss= 1.71419 val_acc= 0.68200 test_loss= 1.71646 test_acc= 0.68400 time= 1.37010
Early stopping...
Optimization Finished!
dataset:  citeseer  model:  wavelet_basis order:  2 ,sparse_ness:  True ,laplacian_normalize:  True ,threshold 1e-05 ,wavelet_s: 0.7 ,mask: False ,normalize: False ,weight_normalize: False  weight_share: True ,learning_rate: 0.01 ,hidden1: 16 ,dropout: 0.5 ,max_degree: 2 ,alldata: False
val acc: 0.7279997  test acc:  0.7170003
********************************************************
