Epoch: 0001 train_loss= 2.63773 train_acc= 0.17857 val_loss= 2.59117 val_acc= 0.49400 test_loss= 2.59317 test_acc= 0.48200 time= 1.70120
Epoch: 0002 train_loss= 2.58022 train_acc= 0.48571 val_loss= 2.54999 val_acc= 0.56600 test_loss= 2.55157 test_acc= 0.57300 time= 1.35406
Epoch: 0003 train_loss= 2.52478 train_acc= 0.67857 val_loss= 2.50355 val_acc= 0.59800 test_loss= 2.50486 test_acc= 0.61100 time= 1.34371
Epoch: 0004 train_loss= 2.46200 train_acc= 0.66429 val_loss= 2.45537 val_acc= 0.64000 test_loss= 2.45622 test_acc= 0.64300 time= 1.50630
Epoch: 0005 train_loss= 2.39149 train_acc= 0.80714 val_loss= 2.40791 val_acc= 0.66000 test_loss= 2.40818 test_acc= 0.66400 time= 1.51757
Epoch: 0006 train_loss= 2.32845 train_acc= 0.80714 val_loss= 2.36169 val_acc= 0.68200 test_loss= 2.36122 test_acc= 0.67800 time= 1.32965
Epoch: 0007 train_loss= 2.26768 train_acc= 0.74286 val_loss= 2.31539 val_acc= 0.69000 test_loss= 2.31393 test_acc= 0.69500 time= 1.40541
Epoch: 0008 train_loss= 2.19316 train_acc= 0.77857 val_loss= 2.26854 val_acc= 0.70600 test_loss= 2.26581 test_acc= 0.70800 time= 1.53379
Epoch: 0009 train_loss= 2.11021 train_acc= 0.79286 val_loss= 2.22162 val_acc= 0.72000 test_loss= 2.21743 test_acc= 0.71600 time= 1.45634
Epoch: 0010 train_loss= 2.05141 train_acc= 0.81429 val_loss= 2.17448 val_acc= 0.72800 test_loss= 2.16869 test_acc= 0.73300 time= 1.30052
Epoch: 0011 train_loss= 1.98758 train_acc= 0.83571 val_loss= 2.12743 val_acc= 0.74800 test_loss= 2.11987 test_acc= 0.73800 time= 1.40873
Epoch: 0012 train_loss= 1.90677 train_acc= 0.83571 val_loss= 2.08138 val_acc= 0.75400 test_loss= 2.07187 test_acc= 0.74200 time= 1.42832
Epoch: 0013 train_loss= 1.81254 train_acc= 0.85714 val_loss= 2.03615 val_acc= 0.75400 test_loss= 2.02449 test_acc= 0.75000 time= 1.43019
Epoch: 0014 train_loss= 1.76842 train_acc= 0.89286 val_loss= 1.99219 val_acc= 0.75800 test_loss= 1.97824 test_acc= 0.75500 time= 1.24819
Epoch: 0015 train_loss= 1.72790 train_acc= 0.86429 val_loss= 1.94891 val_acc= 0.76000 test_loss= 1.93245 test_acc= 0.76000 time= 1.41882
Epoch: 0016 train_loss= 1.63778 train_acc= 0.89286 val_loss= 1.90635 val_acc= 0.76400 test_loss= 1.88732 test_acc= 0.76600 time= 1.43416
Epoch: 0017 train_loss= 1.56951 train_acc= 0.86429 val_loss= 1.86489 val_acc= 0.76200 test_loss= 1.84315 test_acc= 0.77100 time= 1.39420
Epoch: 0018 train_loss= 1.51787 train_acc= 0.90714 val_loss= 1.82366 val_acc= 0.77000 test_loss= 1.79919 test_acc= 0.77600 time= 1.42648
Epoch: 0019 train_loss= 1.45711 train_acc= 0.88571 val_loss= 1.78285 val_acc= 0.77400 test_loss= 1.75566 test_acc= 0.78400 time= 1.49333
Epoch: 0020 train_loss= 1.39962 train_acc= 0.90714 val_loss= 1.74333 val_acc= 0.78000 test_loss= 1.71348 test_acc= 0.79000 time= 1.43702
Epoch: 0021 train_loss= 1.33545 train_acc= 0.91429 val_loss= 1.70559 val_acc= 0.77800 test_loss= 1.67316 test_acc= 0.79200 time= 1.38355
Epoch: 0022 train_loss= 1.30077 train_acc= 0.88571 val_loss= 1.66967 val_acc= 0.78000 test_loss= 1.63468 test_acc= 0.79900 time= 1.40530
Epoch: 0023 train_loss= 1.26665 train_acc= 0.92857 val_loss= 1.63515 val_acc= 0.78200 test_loss= 1.59775 test_acc= 0.80800 time= 1.42956
Epoch: 0024 train_loss= 1.21047 train_acc= 0.92857 val_loss= 1.60303 val_acc= 0.78400 test_loss= 1.56330 test_acc= 0.81100 time= 1.51470
Epoch: 0025 train_loss= 1.13880 train_acc= 0.92143 val_loss= 1.57307 val_acc= 0.78400 test_loss= 1.53107 test_acc= 0.81500 time= 1.26455
Epoch: 0026 train_loss= 1.11019 train_acc= 0.92143 val_loss= 1.54600 val_acc= 0.78600 test_loss= 1.50188 test_acc= 0.81700 time= 1.45150
Epoch: 0027 train_loss= 1.10458 train_acc= 0.91429 val_loss= 1.52092 val_acc= 0.79400 test_loss= 1.47479 test_acc= 0.81700 time= 1.41636
Epoch: 0028 train_loss= 1.04592 train_acc= 0.95000 val_loss= 1.49646 val_acc= 0.79800 test_loss= 1.44846 test_acc= 0.82100 time= 1.35116
Epoch: 0029 train_loss= 0.99166 train_acc= 0.94286 val_loss= 1.47392 val_acc= 0.80000 test_loss= 1.42417 test_acc= 0.81900 time= 1.39393
Epoch: 0030 train_loss= 0.96688 train_acc= 0.93571 val_loss= 1.45351 val_acc= 0.80200 test_loss= 1.40223 test_acc= 0.82500 time= 1.46573
Epoch: 0031 train_loss= 0.93622 train_acc= 0.95714 val_loss= 1.43523 val_acc= 0.80000 test_loss= 1.38254 test_acc= 0.82600 time= 1.47976
Epoch: 0032 train_loss= 0.91020 train_acc= 0.95000 val_loss= 1.41918 val_acc= 0.80200 test_loss= 1.36514 test_acc= 0.82800 time= 1.19511
Epoch: 0033 train_loss= 0.85812 train_acc= 0.97857 val_loss= 1.40578 val_acc= 0.80000 test_loss= 1.35038 test_acc= 0.82500 time= 1.40793
Epoch: 0034 train_loss= 0.85323 train_acc= 0.95714 val_loss= 1.39346 val_acc= 0.79800 test_loss= 1.33677 test_acc= 0.82400 time= 1.43390
Epoch: 0035 train_loss= 0.83649 train_acc= 0.97143 val_loss= 1.38259 val_acc= 0.80000 test_loss= 1.32457 test_acc= 0.82100 time= 1.33355
Epoch: 0036 train_loss= 0.83965 train_acc= 0.95000 val_loss= 1.37210 val_acc= 0.80000 test_loss= 1.31280 test_acc= 0.81900 time= 1.42040
Epoch: 0037 train_loss= 0.80634 train_acc= 0.96429 val_loss= 1.36307 val_acc= 0.79800 test_loss= 1.30253 test_acc= 0.81800 time= 1.40181
Epoch: 0038 train_loss= 0.79329 train_acc= 0.94286 val_loss= 1.35380 val_acc= 0.79600 test_loss= 1.29221 test_acc= 0.81500 time= 1.52727
Epoch: 0039 train_loss= 0.77596 train_acc= 0.95000 val_loss= 1.34640 val_acc= 0.79200 test_loss= 1.28384 test_acc= 0.81600 time= 1.36374
Epoch: 0040 train_loss= 0.76754 train_acc= 0.97143 val_loss= 1.34035 val_acc= 0.79200 test_loss= 1.27675 test_acc= 0.81200 time= 1.41575
Epoch: 0041 train_loss= 0.71977 train_acc= 0.97857 val_loss= 1.33456 val_acc= 0.79600 test_loss= 1.27004 test_acc= 0.80900 time= 1.47555
Epoch: 0042 train_loss= 0.71238 train_acc= 0.97143 val_loss= 1.32775 val_acc= 0.79200 test_loss= 1.26245 test_acc= 0.81400 time= 1.48376
Epoch: 0043 train_loss= 0.69802 train_acc= 0.94286 val_loss= 1.32199 val_acc= 0.79000 test_loss= 1.25592 test_acc= 0.80900 time= 1.35789
Epoch: 0044 train_loss= 0.71137 train_acc= 0.95714 val_loss= 1.31417 val_acc= 0.79000 test_loss= 1.24747 test_acc= 0.81000 time= 1.40323
Epoch: 0045 train_loss= 0.71236 train_acc= 0.96429 val_loss= 1.30580 val_acc= 0.79000 test_loss= 1.23846 test_acc= 0.80900 time= 1.46467
Epoch: 0046 train_loss= 0.67353 train_acc= 0.97143 val_loss= 1.29573 val_acc= 0.79000 test_loss= 1.22788 test_acc= 0.80900 time= 1.43511
Epoch: 0047 train_loss= 0.64733 train_acc= 0.96429 val_loss= 1.28700 val_acc= 0.79200 test_loss= 1.21875 test_acc= 0.80800 time= 1.16422
Epoch: 0048 train_loss= 0.68637 train_acc= 0.95714 val_loss= 1.27999 val_acc= 0.79600 test_loss= 1.21124 test_acc= 0.80800 time= 1.40776
Epoch: 0049 train_loss= 0.68448 train_acc= 0.96429 val_loss= 1.27307 val_acc= 0.79200 test_loss= 1.20387 test_acc= 0.81100 time= 1.47529
Epoch: 0050 train_loss= 0.59509 train_acc= 0.96429 val_loss= 1.26660 val_acc= 0.79200 test_loss= 1.19705 test_acc= 0.81200 time= 1.22748
Epoch: 0051 train_loss= 0.61385 train_acc= 0.97143 val_loss= 1.26010 val_acc= 0.79400 test_loss= 1.19033 test_acc= 0.81200 time= 1.51255
Epoch: 0052 train_loss= 0.60326 train_acc= 0.97857 val_loss= 1.25462 val_acc= 0.78800 test_loss= 1.18454 test_acc= 0.81000 time= 1.41586
Epoch: 0053 train_loss= 0.60205 train_acc= 0.97143 val_loss= 1.24929 val_acc= 0.79200 test_loss= 1.17904 test_acc= 0.81100 time= 1.30743
Epoch: 0054 train_loss= 0.59726 train_acc= 0.97857 val_loss= 1.24397 val_acc= 0.79200 test_loss= 1.17364 test_acc= 0.81400 time= 1.28411
Epoch: 0055 train_loss= 0.59373 train_acc= 0.96429 val_loss= 1.23894 val_acc= 0.79200 test_loss= 1.16863 test_acc= 0.81400 time= 1.39164
Epoch: 0056 train_loss= 0.57897 train_acc= 0.97857 val_loss= 1.23343 val_acc= 0.79000 test_loss= 1.16304 test_acc= 0.81500 time= 1.50000
Epoch: 0057 train_loss= 0.57169 train_acc= 0.97143 val_loss= 1.22844 val_acc= 0.79000 test_loss= 1.15805 test_acc= 0.81500 time= 1.26413
Epoch: 0058 train_loss= 0.55807 train_acc= 0.97857 val_loss= 1.22327 val_acc= 0.79000 test_loss= 1.15299 test_acc= 0.81500 time= 1.49094
Epoch: 0059 train_loss= 0.54139 train_acc= 0.98571 val_loss= 1.22001 val_acc= 0.79200 test_loss= 1.14958 test_acc= 0.81400 time= 1.36691
Epoch: 0060 train_loss= 0.54305 train_acc= 0.98571 val_loss= 1.21765 val_acc= 0.79000 test_loss= 1.14697 test_acc= 0.81500 time= 1.30002
Epoch: 0061 train_loss= 0.55555 train_acc= 0.97857 val_loss= 1.21693 val_acc= 0.78600 test_loss= 1.14593 test_acc= 0.81200 time= 1.32465
Epoch: 0062 train_loss= 0.50881 train_acc= 0.98571 val_loss= 1.21563 val_acc= 0.78600 test_loss= 1.14442 test_acc= 0.81000 time= 1.46830
Epoch: 0063 train_loss= 0.53988 train_acc= 0.98571 val_loss= 1.21408 val_acc= 0.78600 test_loss= 1.14261 test_acc= 0.81000 time= 1.43226
Epoch: 0064 train_loss= 0.49506 train_acc= 0.97857 val_loss= 1.21327 val_acc= 0.78800 test_loss= 1.14164 test_acc= 0.81000 time= 1.30773
Epoch: 0065 train_loss= 0.50493 train_acc= 0.98571 val_loss= 1.21186 val_acc= 0.78800 test_loss= 1.14015 test_acc= 0.80800 time= 1.51642
Epoch: 0066 train_loss= 0.49367 train_acc= 0.97143 val_loss= 1.21036 val_acc= 0.78600 test_loss= 1.13867 test_acc= 0.80600 time= 1.42737
Epoch: 0067 train_loss= 0.49829 train_acc= 0.96429 val_loss= 1.21027 val_acc= 0.78600 test_loss= 1.13855 test_acc= 0.80400 time= 1.46829
Epoch: 0068 train_loss= 0.50502 train_acc= 0.97143 val_loss= 1.21010 val_acc= 0.78600 test_loss= 1.13843 test_acc= 0.80400 time= 1.31667
Epoch: 0069 train_loss= 0.47757 train_acc= 0.98571 val_loss= 1.20868 val_acc= 0.78600 test_loss= 1.13710 test_acc= 0.80500 time= 1.50067
Epoch: 0070 train_loss= 0.48059 train_acc= 0.98571 val_loss= 1.20704 val_acc= 0.78000 test_loss= 1.13564 test_acc= 0.80400 time= 1.36785
Epoch: 0071 train_loss= 0.47071 train_acc= 0.97857 val_loss= 1.20418 val_acc= 0.78400 test_loss= 1.13286 test_acc= 0.80500 time= 1.32544
Epoch: 0072 train_loss= 0.47600 train_acc= 0.97857 val_loss= 1.20010 val_acc= 0.78800 test_loss= 1.12901 test_acc= 0.80500 time= 1.31604
Epoch: 0073 train_loss= 0.44873 train_acc= 1.00000 val_loss= 1.19667 val_acc= 0.79000 test_loss= 1.12586 test_acc= 0.80400 time= 1.37492
Epoch: 0074 train_loss= 0.44925 train_acc= 0.98571 val_loss= 1.19287 val_acc= 0.79000 test_loss= 1.12222 test_acc= 0.80400 time= 1.50423
Epoch: 0075 train_loss= 0.41826 train_acc= 0.98571 val_loss= 1.18901 val_acc= 0.79200 test_loss= 1.11860 test_acc= 0.80400 time= 1.35891
Epoch: 0076 train_loss= 0.44805 train_acc= 0.98571 val_loss= 1.18523 val_acc= 0.78800 test_loss= 1.11506 test_acc= 0.80500 time= 1.34205
Epoch: 0077 train_loss= 0.43061 train_acc= 0.99286 val_loss= 1.18071 val_acc= 0.79200 test_loss= 1.11074 test_acc= 0.80700 time= 1.43028
Epoch: 0078 train_loss= 0.43509 train_acc= 0.96429 val_loss= 1.17796 val_acc= 0.79200 test_loss= 1.10804 test_acc= 0.81200 time= 1.26959
Epoch: 0079 train_loss= 0.42557 train_acc= 0.97857 val_loss= 1.17613 val_acc= 0.79400 test_loss= 1.10598 test_acc= 0.81000 time= 1.29078
Epoch: 0080 train_loss= 0.40516 train_acc= 0.97857 val_loss= 1.17530 val_acc= 0.78400 test_loss= 1.10481 test_acc= 0.81000 time= 1.41912
Epoch: 0081 train_loss= 0.42170 train_acc= 0.98571 val_loss= 1.17509 val_acc= 0.78400 test_loss= 1.10441 test_acc= 0.81200 time= 1.49180
Epoch: 0082 train_loss= 0.42345 train_acc= 0.98571 val_loss= 1.17567 val_acc= 0.78400 test_loss= 1.10464 test_acc= 0.81200 time= 1.23208
Epoch: 0083 train_loss= 0.40740 train_acc= 0.98571 val_loss= 1.17614 val_acc= 0.78000 test_loss= 1.10500 test_acc= 0.80800 time= 1.42867
Epoch: 0084 train_loss= 0.40901 train_acc= 0.97143 val_loss= 1.17572 val_acc= 0.77800 test_loss= 1.10488 test_acc= 0.80600 time= 1.45322
Epoch: 0085 train_loss= 0.40583 train_acc= 0.98571 val_loss= 1.17522 val_acc= 0.77600 test_loss= 1.10496 test_acc= 0.80800 time= 1.29495
Epoch: 0086 train_loss= 0.41146 train_acc= 0.97857 val_loss= 1.17628 val_acc= 0.78200 test_loss= 1.10663 test_acc= 0.80300 time= 1.36392
Epoch: 0087 train_loss= 0.37042 train_acc= 0.98571 val_loss= 1.17708 val_acc= 0.78200 test_loss= 1.10819 test_acc= 0.79900 time= 1.42742
Epoch: 0088 train_loss= 0.38595 train_acc= 1.00000 val_loss= 1.17779 val_acc= 0.78800 test_loss= 1.10981 test_acc= 0.80000 time= 1.30453
Epoch: 0089 train_loss= 0.37430 train_acc= 1.00000 val_loss= 1.17749 val_acc= 0.79000 test_loss= 1.11018 test_acc= 0.80000 time= 1.21818
Epoch: 0090 train_loss= 0.36111 train_acc= 0.99286 val_loss= 1.17639 val_acc= 0.79200 test_loss= 1.10954 test_acc= 0.80200 time= 1.41635
Epoch: 0091 train_loss= 0.39679 train_acc= 0.97857 val_loss= 1.17715 val_acc= 0.79000 test_loss= 1.11081 test_acc= 0.80100 time= 1.48575
Epoch: 0092 train_loss= 0.39113 train_acc= 0.97857 val_loss= 1.17735 val_acc= 0.79000 test_loss= 1.11129 test_acc= 0.80000 time= 1.32008
Epoch: 0093 train_loss= 0.37467 train_acc= 0.97143 val_loss= 1.17689 val_acc= 0.79200 test_loss= 1.11084 test_acc= 0.80000 time= 1.41113
Epoch: 0094 train_loss= 0.37339 train_acc= 0.97857 val_loss= 1.17553 val_acc= 0.79000 test_loss= 1.10930 test_acc= 0.80000 time= 1.44695
Epoch: 0095 train_loss= 0.36698 train_acc= 0.98571 val_loss= 1.17450 val_acc= 0.79000 test_loss= 1.10775 test_acc= 0.80300 time= 1.39732
Epoch: 0096 train_loss= 0.35200 train_acc= 0.99286 val_loss= 1.17384 val_acc= 0.78200 test_loss= 1.10622 test_acc= 0.80400 time= 1.22004
Epoch: 0097 train_loss= 0.33879 train_acc= 1.00000 val_loss= 1.17354 val_acc= 0.78000 test_loss= 1.10531 test_acc= 0.80300 time= 1.47087
Epoch: 0098 train_loss= 0.36041 train_acc= 0.97857 val_loss= 1.17409 val_acc= 0.77800 test_loss= 1.10531 test_acc= 0.80400 time= 1.44013
Epoch: 0099 train_loss= 0.34698 train_acc= 1.00000 val_loss= 1.17439 val_acc= 0.77800 test_loss= 1.10514 test_acc= 0.80300 time= 1.30497
Epoch: 0100 train_loss= 0.34101 train_acc= 0.98571 val_loss= 1.17473 val_acc= 0.77800 test_loss= 1.10522 test_acc= 0.80400 time= 1.51835
Epoch: 0101 train_loss= 0.35243 train_acc= 1.00000 val_loss= 1.17538 val_acc= 0.77800 test_loss= 1.10546 test_acc= 0.80400 time= 1.45309
Epoch: 0102 train_loss= 0.36636 train_acc= 0.97857 val_loss= 1.17690 val_acc= 0.77800 test_loss= 1.10696 test_acc= 0.80200 time= 1.50919
Epoch: 0103 train_loss= 0.33071 train_acc= 0.99286 val_loss= 1.17908 val_acc= 0.78200 test_loss= 1.10909 test_acc= 0.80300 time= 1.26324
Epoch: 0104 train_loss= 0.34155 train_acc= 0.99286 val_loss= 1.18078 val_acc= 0.78200 test_loss= 1.11094 test_acc= 0.80200 time= 1.44975
Epoch: 0105 train_loss= 0.35523 train_acc= 0.98571 val_loss= 1.18279 val_acc= 0.78200 test_loss= 1.11310 test_acc= 0.80200 time= 1.45914
Epoch: 0106 train_loss= 0.33285 train_acc= 0.99286 val_loss= 1.18502 val_acc= 0.78400 test_loss= 1.11543 test_acc= 0.80300 time= 1.22708
Epoch: 0107 train_loss= 0.32647 train_acc= 0.98571 val_loss= 1.18819 val_acc= 0.78200 test_loss= 1.11865 test_acc= 0.80200 time= 1.45763
Epoch: 0108 train_loss= 0.32963 train_acc= 0.98571 val_loss= 1.19093 val_acc= 0.78200 test_loss= 1.12137 test_acc= 0.80100 time= 1.40148
Epoch: 0109 train_loss= 0.29792 train_acc= 1.00000 val_loss= 1.19314 val_acc= 0.78400 test_loss= 1.12357 test_acc= 0.79900 time= 1.29283
Epoch: 0110 train_loss= 0.29110 train_acc= 1.00000 val_loss= 1.19517 val_acc= 0.78200 test_loss= 1.12557 test_acc= 0.79600 time= 1.34966
Epoch: 0111 train_loss= 0.34229 train_acc= 0.98571 val_loss= 1.19610 val_acc= 0.78400 test_loss= 1.12634 test_acc= 0.79800 time= 1.43029
Epoch: 0112 train_loss= 0.33798 train_acc= 0.98571 val_loss= 1.19604 val_acc= 0.78200 test_loss= 1.12570 test_acc= 0.79600 time= 1.39122
Epoch: 0113 train_loss= 0.31466 train_acc= 0.98571 val_loss= 1.19586 val_acc= 0.78200 test_loss= 1.12504 test_acc= 0.79900 time= 1.21551
Epoch: 0114 train_loss= 0.32732 train_acc= 0.99286 val_loss= 1.19578 val_acc= 0.78000 test_loss= 1.12414 test_acc= 0.79800 time= 1.46435
Epoch: 0115 train_loss= 0.30143 train_acc= 1.00000 val_loss= 1.19575 val_acc= 0.77600 test_loss= 1.12324 test_acc= 0.79900 time= 1.47087
Epoch: 0116 train_loss= 0.30425 train_acc= 1.00000 val_loss= 1.19576 val_acc= 0.77600 test_loss= 1.12257 test_acc= 0.79800 time= 1.23693
Epoch: 0117 train_loss= 0.30498 train_acc= 1.00000 val_loss= 1.19510 val_acc= 0.77600 test_loss= 1.12153 test_acc= 0.80000 time= 1.45486
Epoch: 0118 train_loss= 0.29540 train_acc= 1.00000 val_loss= 1.19605 val_acc= 0.77600 test_loss= 1.12223 test_acc= 0.80000 time= 1.40754
Epoch: 0119 train_loss= 0.29964 train_acc= 1.00000 val_loss= 1.19675 val_acc= 0.77400 test_loss= 1.12264 test_acc= 0.79900 time= 1.18302
Epoch: 0120 train_loss= 0.31461 train_acc= 0.98571 val_loss= 1.19824 val_acc= 0.77400 test_loss= 1.12417 test_acc= 0.79900 time= 1.08645
Epoch: 0121 train_loss= 0.28689 train_acc= 1.00000 val_loss= 1.19950 val_acc= 0.77200 test_loss= 1.12571 test_acc= 0.79800 time= 1.05026
Epoch: 0122 train_loss= 0.30125 train_acc= 0.99286 val_loss= 1.19947 val_acc= 0.77600 test_loss= 1.12606 test_acc= 0.79500 time= 1.03146
Epoch: 0123 train_loss= 0.31598 train_acc= 0.99286 val_loss= 1.19920 val_acc= 0.77600 test_loss= 1.12628 test_acc= 0.79600 time= 2.81788
Epoch: 0124 train_loss= 0.27804 train_acc= 1.00000 val_loss= 1.19934 val_acc= 0.77600 test_loss= 1.12672 test_acc= 0.79800 time= 1.79002
Epoch: 0125 train_loss= 0.28835 train_acc= 0.98571 val_loss= 1.19938 val_acc= 0.77400 test_loss= 1.12712 test_acc= 0.79900 time= 2.59485
Epoch: 0126 train_loss= 0.27982 train_acc= 1.00000 val_loss= 1.19978 val_acc= 0.77800 test_loss= 1.12799 test_acc= 0.79800 time= 2.85644
Epoch: 0127 train_loss= 0.27443 train_acc= 1.00000 val_loss= 1.19974 val_acc= 0.77800 test_loss= 1.12851 test_acc= 0.79600 time= 2.42207
Epoch: 0128 train_loss= 0.28258 train_acc= 1.00000 val_loss= 1.20138 val_acc= 0.78200 test_loss= 1.13065 test_acc= 0.79700 time= 1.07719
Epoch: 0129 train_loss= 0.29389 train_acc= 0.98571 val_loss= 1.20308 val_acc= 0.78200 test_loss= 1.13269 test_acc= 0.79700 time= 1.28107
Epoch: 0130 train_loss= 0.30378 train_acc= 0.97857 val_loss= 1.20508 val_acc= 0.78200 test_loss= 1.13499 test_acc= 0.79500 time= 1.22410
Epoch: 0131 train_loss= 0.29172 train_acc= 0.98571 val_loss= 1.20676 val_acc= 0.78200 test_loss= 1.13659 test_acc= 0.79400 time= 1.35142
Epoch: 0132 train_loss= 0.27950 train_acc= 0.99286 val_loss= 1.20886 val_acc= 0.78000 test_loss= 1.13884 test_acc= 0.79300 time= 1.30607
Epoch: 0133 train_loss= 0.29650 train_acc= 0.98571 val_loss= 1.21033 val_acc= 0.78000 test_loss= 1.14026 test_acc= 0.79200 time= 1.40700
Epoch: 0134 train_loss= 0.28835 train_acc= 0.98571 val_loss= 1.21209 val_acc= 0.78400 test_loss= 1.14167 test_acc= 0.79200 time= 1.53318
Epoch: 0135 train_loss= 0.28268 train_acc= 0.98571 val_loss= 1.21351 val_acc= 0.78000 test_loss= 1.14292 test_acc= 0.79200 time= 1.23187
Epoch: 0136 train_loss= 0.27407 train_acc= 0.99286 val_loss= 1.21519 val_acc= 0.78000 test_loss= 1.14441 test_acc= 0.79300 time= 1.46983
Epoch: 0137 train_loss= 0.28917 train_acc= 0.97857 val_loss= 1.21751 val_acc= 0.77800 test_loss= 1.14665 test_acc= 0.78900 time= 1.32455
Early stopping...
Optimization Finished!
dataset:  cora  model:  wavelet_basis order:  2 ,sparse_ness:  True ,laplacian_normalize:  True ,threshold 0.0001 ,wavelet_s: 1.0 ,mask: False ,normalize: False ,weight_share: True ,learning_rate: 0.01 ,hidden1: 16 ,dropout: 0.5 ,max_degree: 32 ,alldata: False
val acc: 0.8019991  test acc:  0.8280008
********************************************************