Epoch: 0001 train_loss= 6.03656 train_acc= 0.33333 val_loss= 5.93409 val_acc= 0.46800 test_loss= 5.93344 test_acc= 0.49800 time= 198.60783
Epoch: 0002 train_loss= 5.92398 train_acc= 0.60000 val_loss= 5.83048 val_acc= 0.56200 test_loss= 5.82975 test_acc= 0.58000 time= 201.60571
Epoch: 0003 train_loss= 5.81934 train_acc= 0.68333 val_loss= 5.72694 val_acc= 0.60200 test_loss= 5.72643 test_acc= 0.61600 time= 210.38999
Epoch: 0004 train_loss= 5.70588 train_acc= 0.73333 val_loss= 5.62337 val_acc= 0.64600 test_loss= 5.62311 test_acc= 0.63900 time= 219.66630
Epoch: 0005 train_loss= 5.59598 train_acc= 0.81667 val_loss= 5.51968 val_acc= 0.64800 test_loss= 5.51970 test_acc= 0.64500 time= 205.20842
Epoch: 0006 train_loss= 5.48854 train_acc= 0.76667 val_loss= 5.41647 val_acc= 0.65600 test_loss= 5.41679 test_acc= 0.64400 time= 208.09051
Epoch: 0007 train_loss= 5.36229 train_acc= 0.78333 val_loss= 5.31467 val_acc= 0.65000 test_loss= 5.31526 test_acc= 0.63700 time= 220.02790
Epoch: 0008 train_loss= 5.25836 train_acc= 0.85000 val_loss= 5.21366 val_acc= 0.64400 test_loss= 5.21458 test_acc= 0.62800 time= 205.02995
Epoch: 0009 train_loss= 5.13460 train_acc= 0.83333 val_loss= 5.11458 val_acc= 0.64400 test_loss= 5.11589 test_acc= 0.62500 time= 209.24674
Epoch: 0010 train_loss= 5.02819 train_acc= 0.80000 val_loss= 5.01723 val_acc= 0.64800 test_loss= 5.01897 test_acc= 0.61500 time= 219.25702
Epoch: 0011 train_loss= 4.91068 train_acc= 0.81667 val_loss= 4.92070 val_acc= 0.64400 test_loss= 4.92288 test_acc= 0.61600 time= 218.96196
Epoch: 0012 train_loss= 4.81909 train_acc= 0.81667 val_loss= 4.82598 val_acc= 0.64600 test_loss= 4.82862 test_acc= 0.61600 time= 216.54226
Epoch: 0013 train_loss= 4.71787 train_acc= 0.78333 val_loss= 4.73195 val_acc= 0.65400 test_loss= 4.73508 test_acc= 0.61700 time= 219.73412
Epoch: 0014 train_loss= 4.60879 train_acc= 0.80000 val_loss= 4.63934 val_acc= 0.66000 test_loss= 4.64299 test_acc= 0.61900 time= 220.02877
Epoch: 0015 train_loss= 4.48610 train_acc= 0.86667 val_loss= 4.54839 val_acc= 0.66200 test_loss= 4.55259 test_acc= 0.62200 time= 211.03862
Epoch: 0016 train_loss= 4.36950 train_acc= 0.85000 val_loss= 4.45830 val_acc= 0.66600 test_loss= 4.46302 test_acc= 0.62100 time= 219.11615
Epoch: 0017 train_loss= 4.27455 train_acc= 0.83333 val_loss= 4.36963 val_acc= 0.66800 test_loss= 4.37484 test_acc= 0.62600 time= 220.56352
Epoch: 0018 train_loss= 4.17549 train_acc= 0.81667 val_loss= 4.28276 val_acc= 0.67000 test_loss= 4.28844 test_acc= 0.63200 time= 211.25235
Epoch: 0019 train_loss= 4.06819 train_acc= 0.91667 val_loss= 4.19724 val_acc= 0.67800 test_loss= 4.20342 test_acc= 0.63800 time= 219.45846
Epoch: 0020 train_loss= 3.95821 train_acc= 0.81667 val_loss= 4.11299 val_acc= 0.68400 test_loss= 4.11965 test_acc= 0.65100 time= 216.78217
Epoch: 0021 train_loss= 3.85841 train_acc= 0.85000 val_loss= 4.03027 val_acc= 0.68600 test_loss= 4.03736 test_acc= 0.65700 time= 206.96227
Epoch: 0022 train_loss= 3.76042 train_acc= 0.86667 val_loss= 3.94868 val_acc= 0.68600 test_loss= 3.95616 test_acc= 0.66200 time= 216.03245
Epoch: 0023 train_loss= 3.68638 train_acc= 0.83333 val_loss= 3.86859 val_acc= 0.68200 test_loss= 3.87648 test_acc= 0.66900 time= 226.79416
Epoch: 0024 train_loss= 3.58802 train_acc= 0.85000 val_loss= 3.79024 val_acc= 0.68800 test_loss= 3.79849 test_acc= 0.68200 time= 213.86338
Epoch: 0025 train_loss= 3.49020 train_acc= 0.86667 val_loss= 3.71334 val_acc= 0.68600 test_loss= 3.72195 test_acc= 0.68800 time= 217.79440
Epoch: 0026 train_loss= 3.38182 train_acc= 0.86667 val_loss= 3.63800 val_acc= 0.68600 test_loss= 3.64698 test_acc= 0.69000 time= 221.16203
Epoch: 0027 train_loss= 3.29777 train_acc= 0.86667 val_loss= 3.56436 val_acc= 0.69600 test_loss= 3.57364 test_acc= 0.69400 time= 213.82836
Epoch: 0028 train_loss= 3.25685 train_acc= 0.88333 val_loss= 3.49227 val_acc= 0.70400 test_loss= 3.50188 test_acc= 0.70000 time= 230.08486
Epoch: 0029 train_loss= 3.16222 train_acc= 0.88333 val_loss= 3.42149 val_acc= 0.71400 test_loss= 3.43136 test_acc= 0.70100 time= 209.36052
Epoch: 0030 train_loss= 3.04337 train_acc= 0.90000 val_loss= 3.35241 val_acc= 0.71600 test_loss= 3.36254 test_acc= 0.70600 time= 214.60253
Epoch: 0031 train_loss= 3.00176 train_acc= 0.86667 val_loss= 3.28511 val_acc= 0.72200 test_loss= 3.29553 test_acc= 0.70900 time= 230.51885
Epoch: 0032 train_loss= 2.90192 train_acc= 0.91667 val_loss= 3.21904 val_acc= 0.73200 test_loss= 3.22975 test_acc= 0.71800 time= 212.04573
Epoch: 0033 train_loss= 2.89522 train_acc= 0.88333 val_loss= 3.15479 val_acc= 0.73600 test_loss= 3.16584 test_acc= 0.72300 time= 218.60620
Epoch: 0034 train_loss= 2.76714 train_acc= 0.95000 val_loss= 3.09197 val_acc= 0.74200 test_loss= 3.10334 test_acc= 0.72700 time= 229.83460
Epoch: 0035 train_loss= 2.69020 train_acc= 0.95000 val_loss= 3.03060 val_acc= 0.75000 test_loss= 3.04226 test_acc= 0.73700 time= 213.30725
Epoch: 0036 train_loss= 2.60701 train_acc= 0.96667 val_loss= 2.97081 val_acc= 0.75600 test_loss= 2.98277 test_acc= 0.73900 time= 220.88628
Epoch: 0037 train_loss= 2.58187 train_acc= 0.90000 val_loss= 2.91255 val_acc= 0.76200 test_loss= 2.92480 test_acc= 0.74300 time= 225.41310
Epoch: 0038 train_loss= 2.46270 train_acc= 0.93333 val_loss= 2.85578 val_acc= 0.76400 test_loss= 2.86834 test_acc= 0.74500 time= 209.17007
Epoch: 0039 train_loss= 2.40756 train_acc= 0.93333 val_loss= 2.80058 val_acc= 0.75800 test_loss= 2.81342 test_acc= 0.74200 time= 224.99233
Epoch: 0040 train_loss= 2.33694 train_acc= 0.95000 val_loss= 2.74670 val_acc= 0.76200 test_loss= 2.75989 test_acc= 0.75100 time= 220.14945
Epoch: 0041 train_loss= 2.25595 train_acc= 0.96667 val_loss= 2.69434 val_acc= 0.76800 test_loss= 2.70788 test_acc= 0.75900 time= 217.22098
Epoch: 0042 train_loss= 2.25632 train_acc= 0.95000 val_loss= 2.64325 val_acc= 0.76600 test_loss= 2.65713 test_acc= 0.75900 time= 229.90047
Epoch: 0043 train_loss= 2.19474 train_acc= 0.93333 val_loss= 2.59304 val_acc= 0.76800 test_loss= 2.60712 test_acc= 0.76300 time= 212.52634
Epoch: 0044 train_loss= 2.08877 train_acc= 0.96667 val_loss= 2.54404 val_acc= 0.77200 test_loss= 2.55833 test_acc= 0.76400 time= 219.88407
Epoch: 0045 train_loss= 2.06871 train_acc= 0.93333 val_loss= 2.49604 val_acc= 0.77400 test_loss= 2.51046 test_acc= 0.76400 time= 224.00442
Epoch: 0046 train_loss= 1.98859 train_acc= 0.96667 val_loss= 2.44896 val_acc= 0.77600 test_loss= 2.46348 test_acc= 0.76400 time= 212.11202
Epoch: 0047 train_loss= 1.94776 train_acc= 0.91667 val_loss= 2.40308 val_acc= 0.78000 test_loss= 2.41780 test_acc= 0.76700 time= 222.12513
Epoch: 0048 train_loss= 1.88796 train_acc= 0.95000 val_loss= 2.35805 val_acc= 0.78200 test_loss= 2.37296 test_acc= 0.76800 time= 219.82345
Epoch: 0049 train_loss= 1.86179 train_acc= 0.96667 val_loss= 2.31432 val_acc= 0.78600 test_loss= 2.32944 test_acc= 0.76700 time= 209.54926
Epoch: 0050 train_loss= 1.77151 train_acc= 0.98333 val_loss= 2.27177 val_acc= 0.78400 test_loss= 2.28715 test_acc= 0.76800 time= 219.65210
Epoch: 0051 train_loss= 1.73889 train_acc= 0.95000 val_loss= 2.23045 val_acc= 0.78000 test_loss= 2.24606 test_acc= 0.76700 time= 216.92713
Epoch: 0052 train_loss= 1.69032 train_acc= 1.00000 val_loss= 2.19027 val_acc= 0.78000 test_loss= 2.20618 test_acc= 0.76700 time= 210.26008
Epoch: 0053 train_loss= 1.64123 train_acc= 0.98333 val_loss= 2.15128 val_acc= 0.78000 test_loss= 2.16749 test_acc= 0.76600 time= 231.86074
Epoch: 0054 train_loss= 1.60812 train_acc= 1.00000 val_loss= 2.11371 val_acc= 0.78200 test_loss= 2.13026 test_acc= 0.77000 time= 214.22050
Epoch: 0055 train_loss= 1.54983 train_acc= 0.98333 val_loss= 2.07710 val_acc= 0.78200 test_loss= 2.09400 test_acc= 0.77200 time= 223.09380
Epoch: 0056 train_loss= 1.49589 train_acc= 0.96667 val_loss= 2.04147 val_acc= 0.78200 test_loss= 2.05863 test_acc= 0.77900 time= 226.74209
Epoch: 0057 train_loss= 1.44340 train_acc= 1.00000 val_loss= 2.00696 val_acc= 0.78200 test_loss= 2.02438 test_acc= 0.77900 time= 216.95196
Epoch: 0058 train_loss= 1.44005 train_acc= 0.96667 val_loss= 1.97374 val_acc= 0.78400 test_loss= 1.99133 test_acc= 0.78000 time= 223.17900
Epoch: 0059 train_loss= 1.37504 train_acc= 0.98333 val_loss= 1.94168 val_acc= 0.78800 test_loss= 1.95948 test_acc= 0.78000 time= 223.86901
Epoch: 0060 train_loss= 1.39808 train_acc= 0.95000 val_loss= 1.91082 val_acc= 0.79200 test_loss= 1.92891 test_acc= 0.78100 time= 216.36066
Epoch: 0061 train_loss= 1.34542 train_acc= 1.00000 val_loss= 1.88091 val_acc= 0.79000 test_loss= 1.89922 test_acc= 0.78100 time= 225.46797
Epoch: 0062 train_loss= 1.27741 train_acc= 1.00000 val_loss= 1.85190 val_acc= 0.79200 test_loss= 1.87044 test_acc= 0.78300 time= 215.21738
Epoch: 0063 train_loss= 1.25207 train_acc= 0.98333 val_loss= 1.82394 val_acc= 0.79600 test_loss= 1.84273 test_acc= 0.77700 time= 217.92286
Epoch: 0064 train_loss= 1.20192 train_acc= 0.96667 val_loss= 1.79649 val_acc= 0.79600 test_loss= 1.81549 test_acc= 0.77700 time= 229.71342
Epoch: 0065 train_loss= 1.15663 train_acc= 0.98333 val_loss= 1.76989 val_acc= 0.79200 test_loss= 1.78907 test_acc= 0.77600 time= 213.40165
Epoch: 0066 train_loss= 1.16011 train_acc= 1.00000 val_loss= 1.74356 val_acc= 0.79400 test_loss= 1.76296 test_acc= 0.77600 time= 218.08644
Epoch: 0067 train_loss= 1.14771 train_acc= 0.96667 val_loss= 1.71795 val_acc= 0.79400 test_loss= 1.73758 test_acc= 0.77700 time= 223.37870
Epoch: 0068 train_loss= 1.07944 train_acc= 0.96667 val_loss= 1.69318 val_acc= 0.79000 test_loss= 1.71304 test_acc= 0.77700 time= 214.49138
Epoch: 0069 train_loss= 1.05032 train_acc= 1.00000 val_loss= 1.66875 val_acc= 0.79200 test_loss= 1.68881 test_acc= 0.77600 time= 220.98348
Epoch: 0070 train_loss= 1.01760 train_acc= 1.00000 val_loss= 1.64503 val_acc= 0.79200 test_loss= 1.66529 test_acc= 0.77800 time= 218.65834
Epoch: 0071 train_loss= 0.98034 train_acc= 1.00000 val_loss= 1.62189 val_acc= 0.79400 test_loss= 1.64231 test_acc= 0.78200 time= 209.34122
Epoch: 0072 train_loss= 0.99836 train_acc= 0.98333 val_loss= 1.59920 val_acc= 0.79600 test_loss= 1.61976 test_acc= 0.78300 time= 217.79456
Epoch: 0073 train_loss= 0.95652 train_acc= 0.98333 val_loss= 1.57750 val_acc= 0.79600 test_loss= 1.59813 test_acc= 0.78300 time= 220.95575
Epoch: 0074 train_loss= 0.89170 train_acc= 1.00000 val_loss= 1.55658 val_acc= 0.79600 test_loss= 1.57727 test_acc= 0.78300 time= 210.17942
Epoch: 0075 train_loss= 0.90674 train_acc= 1.00000 val_loss= 1.53620 val_acc= 0.79800 test_loss= 1.55695 test_acc= 0.78600 time= 222.97674
Epoch: 0076 train_loss= 0.86145 train_acc= 0.98333 val_loss= 1.51637 val_acc= 0.79800 test_loss= 1.53701 test_acc= 0.78500 time= 220.34174
Epoch: 0077 train_loss= 0.87104 train_acc= 0.98333 val_loss= 1.49757 val_acc= 0.79600 test_loss= 1.51825 test_acc= 0.78500 time= 208.22201
Epoch: 0078 train_loss= 0.81672 train_acc= 0.98333 val_loss= 1.47969 val_acc= 0.79400 test_loss= 1.50041 test_acc= 0.78600 time= 221.47760
Epoch: 0079 train_loss= 0.80182 train_acc= 1.00000 val_loss= 1.46233 val_acc= 0.79400 test_loss= 1.48307 test_acc= 0.78700 time= 215.73260
Epoch: 0080 train_loss= 0.78109 train_acc= 1.00000 val_loss= 1.44567 val_acc= 0.79400 test_loss= 1.46635 test_acc= 0.78700 time= 214.01801
Epoch: 0081 train_loss= 0.78263 train_acc= 0.98333 val_loss= 1.42984 val_acc= 0.79400 test_loss= 1.45047 test_acc= 0.78500 time= 220.80954
Epoch: 0082 train_loss= 0.72254 train_acc= 1.00000 val_loss= 1.41468 val_acc= 0.79400 test_loss= 1.43529 test_acc= 0.78600 time= 226.80509
Epoch: 0083 train_loss= 0.70347 train_acc= 0.98333 val_loss= 1.40007 val_acc= 0.79200 test_loss= 1.42071 test_acc= 0.78400 time= 222.74071
Epoch: 0084 train_loss= 0.71345 train_acc= 1.00000 val_loss= 1.38623 val_acc= 0.78600 test_loss= 1.40690 test_acc= 0.78300 time= 224.51571
Epoch: 0085 train_loss= 0.68870 train_acc= 1.00000 val_loss= 1.37296 val_acc= 0.78800 test_loss= 1.39366 test_acc= 0.78400 time= 213.91555
Epoch: 0086 train_loss= 0.66301 train_acc= 0.96667 val_loss= 1.36041 val_acc= 0.78600 test_loss= 1.38115 test_acc= 0.78200 time= 222.10465
Epoch: 0087 train_loss= 0.64648 train_acc= 0.96667 val_loss= 1.34850 val_acc= 0.78600 test_loss= 1.36931 test_acc= 0.78400 time= 217.61769
Epoch: 0088 train_loss= 0.63544 train_acc= 1.00000 val_loss= 1.33728 val_acc= 0.78800 test_loss= 1.35822 test_acc= 0.78400 time= 213.62136
Epoch: 0089 train_loss= 0.61781 train_acc= 0.98333 val_loss= 1.32622 val_acc= 0.78400 test_loss= 1.34721 test_acc= 0.78500 time= 219.82809
Epoch: 0090 train_loss= 0.58354 train_acc= 1.00000 val_loss= 1.31559 val_acc= 0.78600 test_loss= 1.33664 test_acc= 0.78500 time= 221.92379
Epoch: 0091 train_loss= 0.57272 train_acc= 0.98333 val_loss= 1.30509 val_acc= 0.78800 test_loss= 1.32615 test_acc= 0.78400 time= 213.36537
Epoch: 0092 train_loss= 0.54927 train_acc= 0.98333 val_loss= 1.29526 val_acc= 0.78600 test_loss= 1.31640 test_acc= 0.78100 time= 219.32665
Epoch: 0093 train_loss= 0.53053 train_acc= 1.00000 val_loss= 1.28562 val_acc= 0.78400 test_loss= 1.30679 test_acc= 0.77900 time= 217.63186
Epoch: 0094 train_loss= 0.57769 train_acc= 0.98333 val_loss= 1.27588 val_acc= 0.78800 test_loss= 1.29699 test_acc= 0.77600 time= 253.89200
Epoch: 0095 train_loss= 0.51623 train_acc= 1.00000 val_loss= 1.26620 val_acc= 0.79000 test_loss= 1.28728 test_acc= 0.77700 time= 278.52177
Epoch: 0096 train_loss= 0.50013 train_acc= 1.00000 val_loss= 1.25681 val_acc= 0.78600 test_loss= 1.27786 test_acc= 0.77400 time= 307.47725
Epoch: 0097 train_loss= 0.48732 train_acc= 1.00000 val_loss= 1.24766 val_acc= 0.78600 test_loss= 1.26866 test_acc= 0.77600 time= 235.02906
Epoch: 0098 train_loss= 0.49129 train_acc= 0.98333 val_loss= 1.23873 val_acc= 0.79000 test_loss= 1.25968 test_acc= 0.77600 time= 347.15695
Epoch: 0099 train_loss= 0.47168 train_acc= 1.00000 val_loss= 1.23026 val_acc= 0.79000 test_loss= 1.25117 test_acc= 0.77700 time= 195.47847
Epoch: 0100 train_loss= 0.48213 train_acc= 0.96667 val_loss= 1.22216 val_acc= 0.79200 test_loss= 1.24301 test_acc= 0.77700 time= 220.95278
Epoch: 0101 train_loss= 0.42399 train_acc= 1.00000 val_loss= 1.21444 val_acc= 0.79200 test_loss= 1.23525 test_acc= 0.77900 time= 167.38040
Epoch: 0102 train_loss= 0.45732 train_acc= 0.98333 val_loss= 1.20696 val_acc= 0.79200 test_loss= 1.22775 test_acc= 0.78200 time= 200.09340
Epoch: 0103 train_loss= 0.42381 train_acc= 1.00000 val_loss= 1.19995 val_acc= 0.79000 test_loss= 1.22078 test_acc= 0.78400 time= 199.36004
Epoch: 0104 train_loss= 0.42649 train_acc= 0.98333 val_loss= 1.19336 val_acc= 0.79400 test_loss= 1.21425 test_acc= 0.78500 time= 165.40732
Epoch: 0105 train_loss= 0.43157 train_acc= 1.00000 val_loss= 1.18693 val_acc= 0.79000 test_loss= 1.20781 test_acc= 0.78700 time= 206.60386
Epoch: 0106 train_loss= 0.39583 train_acc= 1.00000 val_loss= 1.18085 val_acc= 0.79000 test_loss= 1.20177 test_acc= 0.78800 time= 152.06621
Epoch: 0107 train_loss= 0.37000 train_acc= 1.00000 val_loss= 1.17504 val_acc= 0.79200 test_loss= 1.19596 test_acc= 0.78900 time= 209.06850
Epoch: 0108 train_loss= 0.38101 train_acc= 1.00000 val_loss= 1.16972 val_acc= 0.79000 test_loss= 1.19072 test_acc= 0.78600 time= 148.93957
Epoch: 0109 train_loss= 0.36265 train_acc= 0.98333 val_loss= 1.16466 val_acc= 0.78800 test_loss= 1.18574 test_acc= 0.78700 time= 214.90961
Epoch: 0110 train_loss= 0.35159 train_acc= 0.98333 val_loss= 1.15984 val_acc= 0.79000 test_loss= 1.18096 test_acc= 0.78900 time= 149.09769
Epoch: 0111 train_loss= 0.36271 train_acc= 0.98333 val_loss= 1.15539 val_acc= 0.79000 test_loss= 1.17658 test_acc= 0.78700 time= 220.75501
Epoch: 0112 train_loss= 0.34950 train_acc= 1.00000 val_loss= 1.15122 val_acc= 0.79200 test_loss= 1.17245 test_acc= 0.78800 time= 172.14834
Epoch: 0113 train_loss= 0.37374 train_acc= 0.98333 val_loss= 1.14741 val_acc= 0.79200 test_loss= 1.16867 test_acc= 0.78700 time= 187.47021
Epoch: 0114 train_loss= 0.36607 train_acc= 0.96667 val_loss= 1.14400 val_acc= 0.79200 test_loss= 1.16516 test_acc= 0.78700 time= 200.94234
Epoch: 0115 train_loss= 0.32825 train_acc= 1.00000 val_loss= 1.14077 val_acc= 0.79600 test_loss= 1.16182 test_acc= 0.78700 time= 159.26170
Epoch: 0116 train_loss= 0.31212 train_acc= 1.00000 val_loss= 1.13773 val_acc= 0.79800 test_loss= 1.15867 test_acc= 0.78400 time= 206.76453
Epoch: 0117 train_loss= 0.33790 train_acc= 1.00000 val_loss= 1.13502 val_acc= 0.80000 test_loss= 1.15594 test_acc= 0.78400 time= 148.23348
Epoch: 0118 train_loss= 0.31563 train_acc= 1.00000 val_loss= 1.13266 val_acc= 0.80000 test_loss= 1.15355 test_acc= 0.78300 time= 207.12107
Epoch: 0119 train_loss= 0.31006 train_acc= 1.00000 val_loss= 1.13049 val_acc= 0.80000 test_loss= 1.15138 test_acc= 0.78300 time= 147.41885
Epoch: 0120 train_loss= 0.35064 train_acc= 0.95000 val_loss= 1.12845 val_acc= 0.79800 test_loss= 1.14933 test_acc= 0.78100 time= 213.88627
Epoch: 0121 train_loss= 0.32303 train_acc= 0.98333 val_loss= 1.12659 val_acc= 0.79600 test_loss= 1.14752 test_acc= 0.78200 time= 148.41803
Epoch: 0122 train_loss= 0.28120 train_acc= 1.00000 val_loss= 1.12486 val_acc= 0.79600 test_loss= 1.14587 test_acc= 0.78100 time= 221.42237
Epoch: 0123 train_loss= 0.27452 train_acc= 1.00000 val_loss= 1.12313 val_acc= 0.79600 test_loss= 1.14422 test_acc= 0.78000 time= 170.42616
Epoch: 0124 train_loss= 0.28355 train_acc= 1.00000 val_loss= 1.12140 val_acc= 0.79600 test_loss= 1.14253 test_acc= 0.78200 time= 189.67421
Epoch: 0125 train_loss= 0.26656 train_acc= 0.98333 val_loss= 1.11979 val_acc= 0.79800 test_loss= 1.14095 test_acc= 0.78600 time= 187.08980
Epoch: 0126 train_loss= 0.24887 train_acc= 1.00000 val_loss= 1.11826 val_acc= 0.79800 test_loss= 1.13942 test_acc= 0.78700 time= 169.64079
Epoch: 0127 train_loss= 0.24521 train_acc= 1.00000 val_loss= 1.11682 val_acc= 0.79600 test_loss= 1.13798 test_acc= 0.78800 time= 203.09689
Epoch: 0128 train_loss= 0.24497 train_acc= 1.00000 val_loss= 1.11552 val_acc= 0.80000 test_loss= 1.13667 test_acc= 0.78900 time= 150.36824
Epoch: 0129 train_loss= 0.25774 train_acc= 1.00000 val_loss= 1.11429 val_acc= 0.80200 test_loss= 1.13539 test_acc= 0.79100 time= 208.27008
Epoch: 0130 train_loss= 0.27327 train_acc= 1.00000 val_loss= 1.11315 val_acc= 0.80000 test_loss= 1.13422 test_acc= 0.79000 time= 150.06834
Epoch: 0131 train_loss= 0.23539 train_acc= 1.00000 val_loss= 1.11209 val_acc= 0.80000 test_loss= 1.13312 test_acc= 0.78800 time= 211.25022
Epoch: 0132 train_loss= 0.23147 train_acc= 1.00000 val_loss= 1.11113 val_acc= 0.79800 test_loss= 1.13212 test_acc= 0.78800 time= 152.98741
Epoch: 0133 train_loss= 0.26111 train_acc= 0.96667 val_loss= 1.11035 val_acc= 0.79800 test_loss= 1.13130 test_acc= 0.78700 time= 217.29674
Epoch: 0134 train_loss= 0.24427 train_acc= 1.00000 val_loss= 1.10988 val_acc= 0.79800 test_loss= 1.13082 test_acc= 0.78400 time= 170.28916
Epoch: 0135 train_loss= 0.23937 train_acc= 0.98333 val_loss= 1.10960 val_acc= 0.80000 test_loss= 1.13053 test_acc= 0.78200 time= 192.94620
Epoch: 0136 train_loss= 0.24643 train_acc= 0.98333 val_loss= 1.10942 val_acc= 0.80000 test_loss= 1.13036 test_acc= 0.78000 time= 202.31498
Epoch: 0137 train_loss= 0.30339 train_acc= 0.96667 val_loss= 1.10927 val_acc= 0.80000 test_loss= 1.13019 test_acc= 0.77900 time= 156.03752
Epoch: 0138 train_loss= 0.25860 train_acc= 0.96667 val_loss= 1.10920 val_acc= 0.79800 test_loss= 1.13010 test_acc= 0.78300 time= 205.10120
Epoch: 0139 train_loss= 0.22722 train_acc= 0.98333 val_loss= 1.10917 val_acc= 0.79600 test_loss= 1.13004 test_acc= 0.78600 time= 147.69460
Epoch: 0140 train_loss= 0.19954 train_acc= 1.00000 val_loss= 1.10919 val_acc= 0.79000 test_loss= 1.13006 test_acc= 0.78800 time= 207.80350
Epoch: 0141 train_loss= 0.19784 train_acc= 1.00000 val_loss= 1.10929 val_acc= 0.79600 test_loss= 1.13017 test_acc= 0.79200 time= 151.96985
Epoch: 0142 train_loss= 0.20013 train_acc= 1.00000 val_loss= 1.10943 val_acc= 0.79400 test_loss= 1.13034 test_acc= 0.79500 time= 210.31032
Epoch: 0143 train_loss= 0.22251 train_acc= 1.00000 val_loss= 1.10967 val_acc= 0.79600 test_loss= 1.13057 test_acc= 0.78500 time= 150.36154
Epoch: 0144 train_loss= 0.21685 train_acc= 1.00000 val_loss= 1.10998 val_acc= 0.79400 test_loss= 1.13088 test_acc= 0.78000 time= 217.41064
Epoch: 0145 train_loss= 0.21812 train_acc= 1.00000 val_loss= 1.11031 val_acc= 0.79000 test_loss= 1.13123 test_acc= 0.77900 time= 172.25880
Epoch: 0146 train_loss= 0.19599 train_acc= 1.00000 val_loss= 1.11072 val_acc= 0.79000 test_loss= 1.13164 test_acc= 0.77700 time= 189.22071
Epoch: 0147 train_loss= 0.18762 train_acc= 1.00000 val_loss= 1.11118 val_acc= 0.79000 test_loss= 1.13212 test_acc= 0.77800 time= 201.99631
Epoch: 0148 train_loss= 0.23359 train_acc= 1.00000 val_loss= 1.11163 val_acc= 0.79000 test_loss= 1.13259 test_acc= 0.77600 time= 158.66945
Epoch: 0149 train_loss= 0.19098 train_acc= 1.00000 val_loss= 1.11199 val_acc= 0.78800 test_loss= 1.13296 test_acc= 0.77600 time= 209.37202
Epoch: 0150 train_loss= 0.17818 train_acc= 1.00000 val_loss= 1.11236 val_acc= 0.78800 test_loss= 1.13335 test_acc= 0.77900 time= 148.42540
Epoch: 0151 train_loss= 0.22111 train_acc= 1.00000 val_loss= 1.11273 val_acc= 0.78800 test_loss= 1.13373 test_acc= 0.78100 time= 213.55804
Epoch: 0152 train_loss= 0.18354 train_acc= 1.00000 val_loss= 1.11309 val_acc= 0.79200 test_loss= 1.13410 test_acc= 0.78200 time= 149.00146
Epoch: 0153 train_loss= 0.19158 train_acc= 1.00000 val_loss= 1.11340 val_acc= 0.79200 test_loss= 1.13441 test_acc= 0.78100 time= 220.10836
Epoch: 0154 train_loss= 0.18452 train_acc= 1.00000 val_loss= 1.11377 val_acc= 0.78600 test_loss= 1.13478 test_acc= 0.78300 time= 150.21821
Epoch: 0155 train_loss= 0.16897 train_acc= 1.00000 val_loss= 1.11418 val_acc= 0.78800 test_loss= 1.13521 test_acc= 0.78300 time= 211.20439
Epoch: 0156 train_loss= 0.19022 train_acc= 1.00000 val_loss= 1.11455 val_acc= 0.79000 test_loss= 1.13557 test_acc= 0.78300 time= 167.39096
Epoch: 0157 train_loss= 0.17108 train_acc= 1.00000 val_loss= 1.11498 val_acc= 0.79000 test_loss= 1.13600 test_acc= 0.78200 time= 193.71937
Epoch: 0158 train_loss= 0.17149 train_acc= 1.00000 val_loss= 1.11538 val_acc= 0.79200 test_loss= 1.13641 test_acc= 0.78300 time= 203.91548
Epoch: 0159 train_loss= 0.16468 train_acc= 1.00000 val_loss= 1.11575 val_acc= 0.79200 test_loss= 1.13676 test_acc= 0.78400 time= 157.58319
Epoch: 0160 train_loss= 0.16432 train_acc= 1.00000 val_loss= 1.11618 val_acc= 0.79200 test_loss= 1.13718 test_acc= 0.78500 time= 205.94486
Epoch: 0161 train_loss= 0.20395 train_acc= 0.98333 val_loss= 1.11657 val_acc= 0.79600 test_loss= 1.13758 test_acc= 0.78700 time= 148.44311
Epoch: 0162 train_loss= 0.15609 train_acc= 1.00000 val_loss= 1.11695 val_acc= 0.79800 test_loss= 1.13791 test_acc= 0.78700 time= 214.44900
Epoch: 0163 train_loss= 0.16132 train_acc= 1.00000 val_loss= 1.11735 val_acc= 0.79800 test_loss= 1.13827 test_acc= 0.78800 time= 152.19005
Epoch: 0164 train_loss= 0.17555 train_acc= 0.98333 val_loss= 1.11779 val_acc= 0.79800 test_loss= 1.13866 test_acc= 0.78900 time= 215.77074
Epoch: 0165 train_loss= 0.17961 train_acc= 0.98333 val_loss= 1.11834 val_acc= 0.79800 test_loss= 1.13918 test_acc= 0.78900 time= 167.60774
Epoch: 0166 train_loss= 0.18672 train_acc= 1.00000 val_loss= 1.11899 val_acc= 0.79800 test_loss= 1.13977 test_acc= 0.78800 time= 189.85082
Epoch: 0167 train_loss= 0.18144 train_acc= 0.96667 val_loss= 1.11971 val_acc= 0.79600 test_loss= 1.14045 test_acc= 0.78700 time= 191.47440
Epoch: 0168 train_loss= 0.18127 train_acc= 1.00000 val_loss= 1.12038 val_acc= 0.79600 test_loss= 1.14108 test_acc= 0.78700 time= 168.04194
Epoch: 0169 train_loss= 0.16959 train_acc= 1.00000 val_loss= 1.12101 val_acc= 0.79600 test_loss= 1.14165 test_acc= 0.78700 time= 209.93293
Epoch: 0170 train_loss= 0.16852 train_acc= 1.00000 val_loss= 1.12165 val_acc= 0.79200 test_loss= 1.14226 test_acc= 0.79100 time= 151.36003
Epoch: 0171 train_loss= 0.16640 train_acc= 1.00000 val_loss= 1.12220 val_acc= 0.79200 test_loss= 1.14279 test_acc= 0.79100 time= 208.57252
Epoch: 0172 train_loss= 0.20511 train_acc= 1.00000 val_loss= 1.12272 val_acc= 0.79000 test_loss= 1.14331 test_acc= 0.79200 time= 148.76575
Epoch: 0173 train_loss= 0.15200 train_acc= 1.00000 val_loss= 1.12329 val_acc= 0.78800 test_loss= 1.14390 test_acc= 0.78900 time= 209.83309
Epoch: 0174 train_loss= 0.15989 train_acc= 1.00000 val_loss= 1.12387 val_acc= 0.79000 test_loss= 1.14449 test_acc= 0.78800 time= 150.66260
Epoch: 0175 train_loss= 0.17347 train_acc= 1.00000 val_loss= 1.12441 val_acc= 0.79400 test_loss= 1.14506 test_acc= 0.79000 time= 208.71007
Epoch: 0176 train_loss= 0.19191 train_acc= 0.98333 val_loss= 1.12499 val_acc= 0.79400 test_loss= 1.14569 test_acc= 0.79200 time= 149.99892
Epoch: 0177 train_loss= 0.16524 train_acc= 1.00000 val_loss= 1.12563 val_acc= 0.79200 test_loss= 1.14639 test_acc= 0.78900 time= 209.19991
Epoch: 0178 train_loss= 0.19640 train_acc= 0.96667 val_loss= 1.12621 val_acc= 0.79400 test_loss= 1.14707 test_acc= 0.78600 time= 155.39937
Epoch: 0179 train_loss= 0.14746 train_acc= 1.00000 val_loss= 1.12675 val_acc= 0.79600 test_loss= 1.14769 test_acc= 0.78200 time= 211.43364
Epoch: 0180 train_loss= 0.19094 train_acc= 0.96667 val_loss= 1.12732 val_acc= 0.79200 test_loss= 1.14838 test_acc= 0.78000 time= 179.42241
Epoch: 0181 train_loss= 0.14908 train_acc= 1.00000 val_loss= 1.12784 val_acc= 0.79000 test_loss= 1.14902 test_acc= 0.78000 time= 177.40175
Epoch: 0182 train_loss= 0.14534 train_acc= 1.00000 val_loss= 1.12840 val_acc= 0.79200 test_loss= 1.14966 test_acc= 0.78100 time= 207.68604
Epoch: 0183 train_loss= 0.18290 train_acc= 0.98333 val_loss= 1.12896 val_acc= 0.79000 test_loss= 1.15027 test_acc= 0.78200 time= 153.03741
Epoch: 0184 train_loss= 0.18406 train_acc= 1.00000 val_loss= 1.12956 val_acc= 0.79200 test_loss= 1.15090 test_acc= 0.78400 time= 209.76174
Epoch: 0185 train_loss= 0.13083 train_acc= 1.00000 val_loss= 1.13010 val_acc= 0.79200 test_loss= 1.15144 test_acc= 0.78600 time= 148.26757
Epoch: 0186 train_loss= 0.14148 train_acc= 1.00000 val_loss= 1.13061 val_acc= 0.79200 test_loss= 1.15201 test_acc= 0.78800 time= 208.69430
Epoch: 0187 train_loss= 0.16298 train_acc= 1.00000 val_loss= 1.13117 val_acc= 0.79400 test_loss= 1.15261 test_acc= 0.79100 time= 151.26220
Epoch: 0188 train_loss= 0.17345 train_acc= 0.98333 val_loss= 1.13170 val_acc= 0.79800 test_loss= 1.15316 test_acc= 0.79100 time= 220.34523
Epoch: 0189 train_loss= 0.13689 train_acc= 1.00000 val_loss= 1.13221 val_acc= 0.80000 test_loss= 1.15366 test_acc= 0.78800 time= 173.26264
Epoch: 0190 train_loss= 0.13113 train_acc= 1.00000 val_loss= 1.13265 val_acc= 0.80400 test_loss= 1.15407 test_acc= 0.78600 time= 189.12600
Epoch: 0191 train_loss= 0.17420 train_acc= 1.00000 val_loss= 1.13323 val_acc= 0.80400 test_loss= 1.15465 test_acc= 0.78900 time= 203.13980
Epoch: 0192 train_loss= 0.17871 train_acc= 0.98333 val_loss= 1.13371 val_acc= 0.80400 test_loss= 1.15515 test_acc= 0.79100 time= 169.83528
Epoch: 0193 train_loss= 0.15418 train_acc= 1.00000 val_loss= 1.13424 val_acc= 0.80200 test_loss= 1.15571 test_acc= 0.78900 time= 235.02381
Epoch: 0194 train_loss= 0.18447 train_acc= 0.98333 val_loss= 1.13476 val_acc= 0.80000 test_loss= 1.15628 test_acc= 0.79300 time= 149.53509
Epoch: 0195 train_loss= 0.16726 train_acc= 1.00000 val_loss= 1.13528 val_acc= 0.80000 test_loss= 1.15684 test_acc= 0.79200 time= 206.63030
Epoch: 0196 train_loss= 0.14083 train_acc= 1.00000 val_loss= 1.13580 val_acc= 0.79600 test_loss= 1.15738 test_acc= 0.79400 time= 187.38134
Epoch: 0197 train_loss= 0.19273 train_acc= 0.96667 val_loss= 1.13642 val_acc= 0.79600 test_loss= 1.15802 test_acc= 0.79200 time= 210.50108
Epoch: 0198 train_loss= 0.19278 train_acc= 0.98333 val_loss= 1.13696 val_acc= 0.79600 test_loss= 1.15858 test_acc= 0.79300 time= 148.17833
Epoch: 0199 train_loss= 0.16115 train_acc= 1.00000 val_loss= 1.13751 val_acc= 0.80000 test_loss= 1.15917 test_acc= 0.79200 time= 219.06904
Epoch: 0200 train_loss= 0.15236 train_acc= 1.00000 val_loss= 1.13799 val_acc= 0.80000 test_loss= 1.15969 test_acc= 0.79000 time= 162.51319
Optimization Finished!
dataset:  pubmed  model:  wavelet_basis order:  2 ,sparse_ness:  True ,laplacian_normalize:  True ,threshold 1e-07 ,wavelet_s: 0.5 ,mask: False ,normalize: False ,weight_normalize: False  weight_share: True ,learning_rate: 0.01 ,hidden1: 16 ,dropout: 0.5 ,max_degree: 32 ,alldata: False
val acc: 0.8040006  test acc:  0.7910011
********************************************************